<?xml version="1.0" encoding="UTF-8" ?>
<testsuite failures="0" time="0.239" errors="0" skipped="0" tests="4" name="libraries.apacheCommons.TemplatesTest">
  <properties>
[...]
</properties>
  <testcase time="0.132" classname="libraries.apacheCommons.TemplatesTest" name="testVelocity"/>
  <testcase time="0.091" classname="libraries.apacheCommons.TemplatesTest" name="testCreateFile"/>
  <testcase time="0.014" classname="libraries.apacheCommons.TemplatesTest" name="testLoadFromFile"/>
  <testcase time="0.002" classname="libraries.apacheCommons.TemplatesTest" name="testLoadFromDirectory"/>
</testsuite>